\BOOKMARK [1][-]{section.1}{\376\377\133\236\232\214\166\356\166\204}{}% 1
\BOOKMARK [1][-]{section.2}{\376\377\133\236\232\214\163\257\130\203}{}% 2
\BOOKMARK [1][-]{section.3}{\376\377\133\236\232\214\121\205\133\271}{}% 3
\BOOKMARK [1][-]{section.4}{\376\377\133\236\232\214\116\000\000\040\126\376\120\317\121\340\117\125\123\330\143\142}{}% 4
\BOOKMARK [2][-]{subsection.4.1}{\376\377\126\376\120\317\166\204\136\163\171\373}{section.4}% 5
\BOOKMARK [3][-]{subsubsection.4.1.1}{\376\377\133\236\232\214\123\237\164\006}{subsection.4.1}% 6
\BOOKMARK [3][-]{subsubsection.4.1.2}{\376\377\133\236\232\214\121\205\133\271}{subsection.4.1}% 7
\BOOKMARK [2][-]{subsection.4.2}{\376\377\126\376\120\317\166\204\145\313\217\154}{section.4}% 8
\BOOKMARK [3][-]{subsubsection.4.2.1}{\376\377\133\236\232\214\123\237\164\006}{subsection.4.2}% 9
\BOOKMARK [3][-]{subsubsection.4.2.2}{\376\377\133\236\232\214\121\205\133\271}{subsection.4.2}% 10
\BOOKMARK [2][-]{subsection.4.3}{\376\377\126\376\120\317\166\204\177\051\145\076}{section.4}% 11
\BOOKMARK [3][-]{subsubsection.4.3.1}{\376\377\133\236\232\214\123\237\164\006}{subsection.4.3}% 12
\BOOKMARK [3][-]{subsubsection.4.3.2}{\376\377\133\236\232\214\121\205\133\271}{subsection.4.3}% 13
\BOOKMARK [2][-]{subsection.4.4}{\376\377\126\376\120\317\121\340\117\125\131\061\167\037\150\041\153\143}{section.4}% 14
\BOOKMARK [3][-]{subsubsection.4.4.1}{\376\377\133\236\232\214\123\237\164\006}{subsection.4.4}% 15
\BOOKMARK [3][-]{subsubsection.4.4.2}{\376\377\133\236\232\214\121\205\133\271}{subsection.4.4}% 16
\BOOKMARK [1][-]{section.5}{\376\377\133\236\232\214\116\214\000\040\126\376\120\317\160\271\131\004\164\006\130\236\137\072}{}% 17
\BOOKMARK [2][-]{subsection.5.1}{\376\377\160\160\136\246\166\204\176\277\140\047\123\330\143\142}{section.5}% 18
\BOOKMARK [3][-]{subsubsection.5.1.1}{\376\377\133\236\232\214\123\237\164\006}{subsection.5.1}% 19
\BOOKMARK [3][-]{subsubsection.5.1.2}{\376\377\133\236\232\214\121\205\133\271}{subsection.5.1}% 20
\BOOKMARK [2][-]{subsection.5.2}{\376\377\160\160\136\246\142\311\117\070}{section.5}% 21
\BOOKMARK [3][-]{subsubsection.5.2.1}{\376\377\133\236\232\214\123\237\164\006}{subsection.5.2}% 22
\BOOKMARK [3][-]{subsubsection.5.2.2}{\376\377\133\236\232\214\121\205\133\271}{subsection.5.2}% 23
\BOOKMARK [2][-]{subsection.5.3}{\376\377\160\160\136\246\166\364\145\271\126\376}{section.5}% 24
\BOOKMARK [3][-]{subsubsection.5.3.1}{\376\377\133\236\232\214\123\237\164\006}{subsection.5.3}% 25
\BOOKMARK [3][-]{subsubsection.5.3.2}{\376\377\133\236\232\214\121\205\133\271}{subsection.5.3}% 26
\BOOKMARK [2][-]{subsection.5.4}{\376\377\166\364\145\271\126\376\127\107\210\141}{section.5}% 27
\BOOKMARK [3][-]{subsubsection.5.4.1}{\376\377\133\236\232\214\123\237\164\006}{subsection.5.4}% 28
\BOOKMARK [3][-]{subsubsection.5.4.2}{\376\377\133\236\232\214\121\205\133\271}{subsection.5.4}% 29
\BOOKMARK [1][-]{section.6}{\376\377\133\236\232\214\116\011\000\040\126\376\120\317\172\172\225\364\127\337\156\344\154\342\130\236\137\072}{}% 30
\BOOKMARK [2][-]{subsection.6.1}{\376\377\220\273\127\337\136\163\127\107\154\325}{section.6}% 31
\BOOKMARK [3][-]{subsubsection.6.1.1}{\376\377\133\236\232\214\123\237\164\006}{subsection.6.1}% 32
\BOOKMARK [3][-]{subsubsection.6.1.2}{\376\377\133\236\232\214\121\205\133\271}{subsection.6.1}% 33
\BOOKMARK [2][-]{subsection.6.2}{\376\377\215\205\226\120\220\273\127\337\136\163\127\107\154\325}{section.6}% 34
\BOOKMARK [3][-]{subsubsection.6.2.1}{\376\377\133\236\232\214\123\237\164\006}{subsection.6.2}% 35
\BOOKMARK [3][-]{subsubsection.6.2.2}{\376\377\133\236\232\214\121\205\133\271}{subsection.6.2}% 36
\BOOKMARK [2][-]{subsection.6.3}{\376\377\116\055\120\074\156\344\154\342\126\150}{section.6}% 37
\BOOKMARK [3][-]{subsubsection.6.3.1}{\376\377\133\236\232\214\123\237\164\006}{subsection.6.3}% 38
\BOOKMARK [3][-]{subsubsection.6.3.2}{\376\377\133\236\232\214\121\205\133\271}{subsection.6.3}% 39
\BOOKMARK [2][-]{subsection.6.4}{\376\377\215\205\226\120\116\055\120\074\156\344\154\342\126\150}{section.6}% 40
\BOOKMARK [3][-]{subsubsection.6.4.1}{\376\377\133\236\232\214\123\237\164\006}{subsection.6.4}% 41
\BOOKMARK [3][-]{subsubsection.6.4.2}{\376\377\133\236\232\214\121\205\133\271}{subsection.6.4}% 42
\BOOKMARK [2][-]{subsection.6.5}{\376\377\122\006\147\220\153\324\217\203}{section.6}% 43
\BOOKMARK [3][-]{subsubsection.6.5.1}{\376\377\133\236\232\214\121\205\133\271}{subsection.6.5}% 44
\BOOKMARK [2][-]{subsection.6.6}{\376\377\217\271\177\030\150\300\155\113}{section.6}% 45
\BOOKMARK [3][-]{subsubsection.6.6.1}{\376\377\133\236\232\214\123\237\164\006}{subsection.6.6}% 46
\BOOKMARK [3][-]{subsubsection.6.6.2}{\376\377\133\236\232\214\121\205\133\271}{subsection.6.6}% 47
\BOOKMARK [1][-]{section.7}{\376\377\133\236\232\214\126\333\000\040\126\376\120\317\123\330\143\142\123\312\230\221\127\337\156\344\154\342\130\236\137\072}{}% 48
\BOOKMARK [2][-]{subsection.7.1}{\376\377\000F\000o\000u\000r\000i\000e\000r\000\040\123\330\143\142}{section.7}% 49
\BOOKMARK [3][-]{subsubsection.7.1.1}{\376\377\133\236\232\214\121\205\133\271}{subsection.7.1}% 50
\BOOKMARK [2][-]{subsection.7.2}{\376\377\117\116\220\032\156\344\154\342\126\150}{section.7}% 51
\BOOKMARK [3][-]{subsubsection.7.2.1}{\376\377\133\236\232\214\121\205\133\271}{subsection.7.2}% 52
\BOOKMARK [2][-]{subsection.7.3}{\376\377\117\116\220\032\156\344\154\342\126\150\123\273\126\152}{section.7}% 53
\BOOKMARK [3][-]{subsubsection.7.3.1}{\376\377\133\236\232\214\121\205\133\271}{subsection.7.3}% 54
\BOOKMARK [2][-]{subsection.7.4}{\376\377\232\330\220\032\156\344\154\342\126\150}{section.7}% 55
\BOOKMARK [2][-]{subsection.7.5}{\376\377\117\116\220\032\156\344\154\342\126\150\123\273\126\152}{section.7}% 56
\BOOKMARK [3][-]{subsubsection.7.5.1}{\376\377\232\330\230\221\130\236\137\072\156\344\154\342}{subsection.7.5}% 57
\BOOKMARK [1][-]{section.8}{\376\377\133\236\232\214\116\224\000\040\126\376\120\317\140\142\131\015\116\016\126\376\120\317\122\006\122\162}{}% 58
\BOOKMARK [2][-]{subsection.8.1}{\376\377\220\006\156\344\154\342\116\016\176\364\176\263\156\344\154\342}{section.8}% 59
\BOOKMARK [3][-]{subsubsection.8.1.1}{\376\377\133\236\232\214\121\205\133\271}{subsection.8.1}% 60
\BOOKMARK [2][-]{subsection.8.2}{\376\377\131\047\155\045\154\325}{section.8}% 61
\BOOKMARK [3][-]{subsubsection.8.2.1}{\376\377\133\236\232\214\123\237\164\006}{subsection.8.2}% 62
\BOOKMARK [3][-]{subsubsection.8.2.2}{\376\377\133\236\232\214\121\205\133\271}{subsection.8.2}% 63
\BOOKMARK [2][-]{subsection.8.3}{\376\377\123\072\127\337\122\006\122\162}{section.8}% 64
\BOOKMARK [3][-]{subsubsection.8.3.1}{\376\377\133\236\232\214\121\205\133\271}{subsection.8.3}% 65
